<?xml version="1.0" encoding="UTF-8"?>
<!-- Generated by org.testng.reporters.JUnitReportReporter -->
<testsuite hostname="D-L18-G" failures="0" tests="1" name="webElement.TextBox" time="8.205" errors="0" timestamp="2024-08-13T10:57:19 IST" skipped="0">
  <testcase classname="webElement.TextBox" name="withPlaceHolder" time="8.205"/>
</testsuite> <!-- webElement.TextBox -->
